
Traceback (most recent call last):
  File "src/gevent/greenlet.py", line 912, in gevent._gevent_cgreenlet.Greenlet.run
  File "C:\Users\stefan.bambuleac\AppData\Local\Python\pythoncore-3.11-64\Lib\site-packages\eel\__init__.py", line 565, in _process_message
    _call_return_values[call_id] = message['value']
                                   ~~~~~~~^^^^^^^^^
KeyError: 'value'
2026-07-07T08:14:55Z <Greenlet at 0x1fecd3cd1c0: _process_message({'return': 11.48131547885662, 'status': 'error', ', <geventwebsocket.websocket.WebSocket object at 0x0)> failed with KeyError

Traceback (most recent call last):
  File "src/gevent/greenlet.py", line 912, in gevent._gevent_cgreenlet.Greenlet.run
  File "C:\Users\stefan.bambuleac\AppData\Local\Python\pythoncore-3.11-64\Lib\site-packages\eel\__init__.py", line 565, in _process_message
    _call_return_values[call_id] = message['value']
                                   ~~~~~~~^^^^^^^^^
KeyError: 'value'
2026-07-07T08:14:55Z <Greenlet at 0x1fecd3cd1c0: _process_message({'return': 13.335582050453796, 'status': 'error', , <geventwebsocket.websocket.WebSocket object at 0x0)> failed with KeyError

Traceback (most recent call last):
  File "src/gevent/greenlet.py", line 912, in gevent._gevent_cgreenlet.Greenlet.run
  File "C:\Users\stefan.bambuleac\AppData\Local\Python\pythoncore-3.11-64\Lib\site-packages\eel\__init__.py", line 565, in _process_message
    _call_return_values[call_id] = message['value']
                                   ~~~~~~~^^^^^^^^^
KeyError: 'value'
2026-07-07T08:14:55Z <Greenlet at 0x1fecd3cec00: _process_message({'return': 14.360888352281554, 'status': 'error', , <geventwebsocket.websocket.WebSocket object at 0x0)> failed with KeyError

Traceback (most recent call last):
  File "src/gevent/greenlet.py", line 912, in gevent._gevent_cgreenlet.Greenlet.run
  File "C:\Users\stefan.bambuleac\AppData\Local\Python\pythoncore-3.11-64\Lib\site-packages\eel\__init__.py", line 565, in _process_message
    _call_return_values[call_id] = message['value']
                                   ~~~~~~~^^^^^^^^^
KeyError: 'value'
2026-07-07T08:14:55Z <Greenlet at 0x1fecd3ceb60: _process_message({'return': 15.56999173256977, 'status': 'error', ', <geventwebsocket.websocket.WebSocket object at 0x0)> failed with KeyError

Traceback (most recent call last):
  File "src/gevent/greenlet.py", line 912, in gevent._gevent_cgreenlet.Greenlet.run
  File "C:\Users\stefan.bambuleac\AppData\Local\Python\pythoncore-3.11-64\Lib\site-packages\eel\__init__.py", line 565, in _process_message
    _call_return_values[call_id] = message['value']
                                   ~~~~~~~^^^^^^^^^
KeyError: 'value'
2026-07-07T08:14:55Z <Greenlet at 0x1fecd3ceca0: _process_message({'return': 16.825679745660032, 'status': 'error', , <geventwebsocket.websocket.WebSocket object at 0x0)> failed with KeyError

Traceback (most recent call last):
  File "src/gevent/greenlet.py", line 912, in gevent._gevent_cgreenlet.Greenlet.run
  File "C:\Users\stefan.bambuleac\AppData\Local\Python\pythoncore-3.11-64\Lib\site-packages\eel\__init__.py", line 565, in _process_message
    _call_return_values[call_id] = message['value']
                                   ~~~~~~~^^^^^^^^^
KeyError: 'value'
2026-07-07T08:14:55Z <Greenlet at 0x1fecd3ced40: _process_message({'return': 17.693799052112873, 'status': 'error', , <geventwebsocket.websocket.WebSocket object at 0x0)> failed with KeyError

Traceback (most recent call last):
  File "src/gevent/greenlet.py", line 912, in gevent._gevent_cgreenlet.Greenlet.run
  File "C:\Users\stefan.bambuleac\AppData\Local\Python\pythoncore-3.11-64\Lib\site-packages\eel\__init__.py", line 565, in _process_message
    _call_return_values[call_id] = message['value']
                                   ~~~~~~~^^^^^^^^^
KeyError: 'value'
2026-07-07T08:14:55Z <Greenlet at 0x1fecd3cede0: _process_message({'return': 18.38368055466486, 'status': 'error', ', <geventwebsocket.websocket.WebSocket object at 0x0)> failed with KeyError

Traceback (most recent call last):
  File "src/gevent/greenlet.py", line 912, in gevent._gevent_cgreenlet.Greenlet.run
  File "C:\Users\stefan.bambuleac\AppData\Local\Python\pythoncore-3.11-64\Lib\site-packages\eel\__init__.py", line 565, in _process_message
    _call_return_values[call_id] = message['value']
                                   ~~~~~~~^^^^^^^^^
KeyError: 'value'
2026-07-07T08:14:55Z <Greenlet at 0x1fecd3cef20: _process_message({'return': 20.25971794386965, 'status': 'error', ', <geventwebsocket.websocket.WebSocket object at 0x0)> failed with KeyError

Traceback (most recent call last):
  File "src/gevent/greenlet.py", line 912, in gevent._gevent_cgreenlet.Greenlet.run
  File "C:\Users\stefan.bambuleac\AppData\Local\Python\pythoncore-3.11-64\Lib\site-packages\eel\__init__.py", line 565, in _process_message
    _call_return_values[call_id] = message['value']
                                   ~~~~~~~^^^^^^^^^
KeyError: 'value'
2026-07-07T08:14:55Z <Greenlet at 0x1fecd3cefc0: _process_message({'return': 21.603221579259795, 'status': 'error', , <geventwebsocket.websocket.WebSocket object at 0x0)> failed with KeyError

Traceback (most recent call last):
  File "src/gevent/greenlet.py", line 912, in gevent._gevent_cgreenlet.Greenlet.run
  File "C:\Users\stefan.bambuleac\AppData\Local\Python\pythoncore-3.11-64\Lib\site-packages\eel\__init__.py", line 565, in _process_message
    _call_return_values[call_id] = message['value']
                                   ~~~~~~~^^^^^^^^^
KeyError: 'value'
2026-07-07T08:14:55Z <Greenlet at 0x1fecd3cf060: _process_message({'return': 22.955155227861944, 'status': 'error', , <geventwebsocket.websocket.WebSocket object at 0x0)> failed with KeyError

Traceback (most recent call last):
  File "src/gevent/greenlet.py", line 912, in gevent._gevent_cgreenlet.Greenlet.run
  File "C:\Users\stefan.bambuleac\AppData\Local\Python\pythoncore-3.11-64\Lib\site-packages\eel\__init__.py", line 565, in _process_message
    _call_return_values[call_id] = message['value']
                                   ~~~~~~~^^^^^^^^^
KeyError: 'value'
2026-07-07T08:14:55Z <Greenlet at 0x1fecd3cf100: _process_message({'return': 23.82367130366435, 'status': 'error', ', <geventwebsocket.websocket.WebSocket object at 0x0)> failed with KeyError

Traceback (most recent call last):
  File "src/gevent/greenlet.py", line 912, in gevent._gevent_cgreenlet.Greenlet.run
  File "C:\Users\stefan.bambuleac\AppData\Local\Python\pythoncore-3.11-64\Lib\site-packages\eel\__init__.py", line 565, in _process_message
    _call_return_values[call_id] = message['value']
                                   ~~~~~~~^^^^^^^^^
KeyError: 'value'
2026-07-07T08:14:55Z <Greenlet at 0x1fecd3cf2e0: _process_message({'return': 26.284211510076638, 'status': 'error', , <geventwebsocket.websocket.WebSocket object at 0x0)> failed with KeyError

Traceback (most recent call last):
  File "src/gevent/greenlet.py", line 912, in gevent._gevent_cgreenlet.Greenlet.run
  File "C:\Users\stefan.bambuleac\AppData\Local\Python\pythoncore-3.11-64\Lib\site-packages\eel\__init__.py", line 565, in _process_message
    _call_return_values[call_id] = message['value']
                                   ~~~~~~~^^^^^^^^^
KeyError: 'value'
2026-07-07T08:14:55Z <Greenlet at 0x1fecd3cf420: _process_message({'return': 28.57306942052515, 'status': 'error', ', <geventwebsocket.websocket.WebSocket object at 0x0)> failed with KeyError

Traceback (most recent call last):
  File "src/gevent/greenlet.py", line 912, in gevent._gevent_cgreenlet.Greenlet.run
  File "C:\Users\stefan.bambuleac\AppData\Local\Python\pythoncore-3.11-64\Lib\site-packages\eel\__init__.py", line 565, in _process_message
    _call_return_values[call_id] = message['value']
                                   ~~~~~~~^^^^^^^^^
KeyError: 'value'
2026-07-07T08:14:55Z <Greenlet at 0x1fecd3cf4c0: _process_message({'return': 29.68315669146755, 'status': 'error', ', <geventwebsocket.websocket.WebSocket object at 0x0)> failed with KeyError

Traceback (most recent call last):
  File "src/gevent/greenlet.py", line 912, in gevent._gevent_cgreenlet.Greenlet.run
  File "C:\Users\stefan.bambuleac\AppData\Local\Python\pythoncore-3.11-64\Lib\site-packages\eel\__init__.py", line 565, in _process_message
    _call_return_values[call_id] = message['value']
                                   ~~~~~~~^^^^^^^^^
KeyError: 'value'
2026-07-07T08:14:55Z <Greenlet at 0x1fecd3cf560: _process_message({'return': 30.557263446291177, 'status': 'error', , <geventwebsocket.websocket.WebSocket object at 0x0)> failed with KeyError

Traceback (most recent call last):
  File "src/gevent/greenlet.py", line 912, in gevent._gevent_cgreenlet.Greenlet.run
  File "C:\Users\stefan.bambuleac\AppData\Local\Python\pythoncore-3.11-64\Lib\site-packages\eel\__init__.py", line 565, in _process_message
    _call_return_values[call_id] = message['value']
                                   ~~~~~~~^^^^^^^^^
KeyError: 'value'
2026-07-07T08:14:55Z <Greenlet at 0x1fecd3cf600: _process_message({'return': 31.75022127428209, 'status': 'error', ', <geventwebsocket.websocket.WebSocket object at 0x0)> failed with KeyError

Traceback (most recent call last):
  File "src/gevent/greenlet.py", line 912, in gevent._gevent_cgreenlet.Greenlet.run
  File "C:\Users\stefan.bambuleac\AppData\Local\Python\pythoncore-3.11-64\Lib\site-packages\eel\__init__.py", line 565, in _process_message
    _call_return_values[call_id] = message['value']
                                   ~~~~~~~^^^^^^^^^
KeyError: 'value'
2026-07-07T08:14:55Z <Greenlet at 0x1fecd3cf6a0: _process_message({'return': 32.05806491193166, 'status': 'error', ', <geventwebsocket.websocket.WebSocket object at 0x0)> failed with KeyError

Traceback (most recent call last):
  File "src/gevent/greenlet.py", line 912, in gevent._gevent_cgreenlet.Greenlet.run
  File "C:\Users\stefan.bambuleac\AppData\Local\Python\pythoncore-3.11-64\Lib\site-packages\eel\__init__.py", line 565, in _process_message
    _call_return_values[call_id] = message['value']
                                   ~~~~~~~^^^^^^^^^
KeyError: 'value'
2026-07-07T08:14:55Z <Greenlet at 0x1fecd3cf740: _process_message({'return': 33.77323597478914, 'status': 'error', ', <geventwebsocket.websocket.WebSocket object at 0x0)> failed with KeyError

Traceback (most recent call last):
  File "src/gevent/greenlet.py", line 912, in gevent._gevent_cgreenlet.Greenlet.run
  File "C:\Users\stefan.bambuleac\AppData\Local\Python\pythoncore-3.11-64\Lib\site-packages\eel\__init__.py", line 565, in _process_message
    _call_return_values[call_id] = message['value']
                                   ~~~~~~~^^^^^^^^^
KeyError: 'value'
2026-07-07T08:14:55Z <Greenlet at 0x1fecd3cf880: _process_message({'return': 35.66426340227159, 'status': 'error', ', <geventwebsocket.websocket.WebSocket object at 0x0)> failed with KeyError

Traceback (most recent call last):
  File "src/gevent/greenlet.py", line 912, in gevent._gevent_cgreenlet.Greenlet.run
  File "C:\Users\stefan.bambuleac\AppData\Local\Python\pythoncore-3.11-64\Lib\site-packages\eel\__init__.py", line 565, in _process_message
    _call_return_values[call_id] = message['value']
                                   ~~~~~~~^^^^^^^^^
KeyError: 'value'
2026-07-07T08:14:55Z <Greenlet at 0x1fecd3cf920: _process_message({'return': 36.99221120775315, 'status': 'error', ', <geventwebsocket.websocket.WebSocket object at 0x0)> failed with KeyError

Traceback (most recent call last):
  File "src/gevent/greenlet.py", line 912, in gevent._gevent_cgreenlet.Greenlet.run
  File "C:\Users\stefan.bambuleac\AppData\Local\Python\pythoncore-3.11-64\Lib\site-packages\eel\__init__.py", line 565, in _process_message
    _call_return_values[call_id] = message['value']
                                   ~~~~~~~^^^^^^^^^
KeyError: 'value'
2026-07-07T08:15:20Z <Greenlet at 0x1fecd2b9580: _process_message({'return': 37.81149375446096, 'status': 'error', ', <geventwebsocket.websocket.WebSocket object at 0x0)> failed with KeyError

Traceback (most recent call last):
  File "src/gevent/greenlet.py", line 912, in gevent._gevent_cgreenlet.Greenlet.run
  File "C:\Users\stefan.bambuleac\AppData\Local\Python\pythoncore-3.11-64\Lib\site-packages\eel\__init__.py", line 565, in _process_message
    _call_return_values[call_id] = message['value']
                                   ~~~~~~~^^^^^^^^^
KeyError: 'value'
2026-07-07T08:15:20Z <Greenlet at 0x1fecd3cf4c0: _process_message({'return': 38.05235316194543, 'status': 'error', ', <geventwebsocket.websocket.WebSocket object at 0x0)> failed with KeyError

Traceback (most recent call last):
  File "src/gevent/greenlet.py", line 912, in gevent._gevent_cgreenlet.Greenlet.run
  File "C:\Users\stefan.bambuleac\AppData\Local\Python\pythoncore-3.11-64\Lib\site-packages\eel\__init__.py", line 565, in _process_message
    _call_return_values[call_id] = message['value']
                                   ~~~~~~~^^^^^^^^^
KeyError: 'value'
2026-07-07T08:15:21Z <Greenlet at 0x1fecd2b8ae0: _process_message({'return': 47.39257568191566, 'status': 'error', ', <geventwebsocket.websocket.WebSocket object at 0x0)> failed with KeyError

Traceback (most recent call last):
  File "src/gevent/greenlet.py", line 912, in gevent._gevent_cgreenlet.Greenlet.run
  File "C:\Users\stefan.bambuleac\AppData\Local\Python\pythoncore-3.11-64\Lib\site-packages\eel\__init__.py", line 565, in _process_message
    _call_return_values[call_id] = message['value']
                                   ~~~~~~~^^^^^^^^^
KeyError: 'value'
2026-07-07T08:15:21Z <Greenlet at 0x1fecd2b89a0: _process_message({'return': 49.87212699495002, 'status': 'error', ', <geventwebsocket.websocket.WebSocket object at 0x0)> failed with KeyError

Traceback (most recent call last):
  File "src/gevent/greenlet.py", line 912, in gevent._gevent_cgreenlet.Greenlet.run
  File "C:\Users\stefan.bambuleac\AppData\Local\Python\pythoncore-3.11-64\Lib\site-packages\eel\__init__.py", line 565, in _process_message
    _call_return_values[call_id] = message['value']
                                   ~~~~~~~^^^^^^^^^
KeyError: 'value'
2026-07-07T08:15:21Z <Greenlet at 0x1fecd2b8ae0: _process_message({'return': 50.77161510999784, 'status': 'error', ', <geventwebsocket.websocket.WebSocket object at 0x0)> failed with KeyError

Traceback (most recent call last):
  File "src/gevent/greenlet.py", line 912, in gevent._gevent_cgreenlet.Greenlet.run
  File "C:\Users\stefan.bambuleac\AppData\Local\Python\pythoncore-3.11-64\Lib\site-packages\eel\__init__.py", line 565, in _process_message
    _call_return_values[call_id] = message['value']
                                   ~~~~~~~^^^^^^^^^
KeyError: 'value'
2026-07-07T08:15:21Z <Greenlet at 0x1fecd2b8ae0: _process_message({'return': 51.541263547422254, 'status': 'error', , <geventwebsocket.websocket.WebSocket object at 0x0)> failed with KeyError

Traceback (most recent call last):
  File "src/gevent/greenlet.py", line 912, in gevent._gevent_cgreenlet.Greenlet.run
  File "C:\Users\stefan.bambuleac\AppData\Local\Python\pythoncore-3.11-64\Lib\site-packages\eel\__init__.py", line 565, in _process_message
    _call_return_values[call_id] = message['value']
                                   ~~~~~~~^^^^^^^^^
KeyError: 'value'
2026-07-07T08:15:21Z <Greenlet at 0x1fecd2b89a0: _process_message({'return': 52.93163163389177, 'status': 'error', ', <geventwebsocket.websocket.WebSocket object at 0x0)> failed with KeyError

Traceback (most recent call last):
  File "src/gevent/greenlet.py", line 912, in gevent._gevent_cgreenlet.Greenlet.run
  File "C:\Users\stefan.bambuleac\AppData\Local\Python\pythoncore-3.11-64\Lib\site-packages\eel\__init__.py", line 565, in _process_message
    _call_return_values[call_id] = message['value']
                                   ~~~~~~~^^^^^^^^^
KeyError: 'value'
2026-07-07T08:15:21Z <Greenlet at 0x1fecd3cf240: _process_message({'return': 53.45217921433741, 'status': 'error', ', <geventwebsocket.websocket.WebSocket object at 0x0)> failed with KeyError

Traceback (most recent call last):
  File "src/gevent/greenlet.py", line 912, in gevent._gevent_cgreenlet.Greenlet.run
  File "C:\Users\stefan.bambuleac\AppData\Local\Python\pythoncore-3.11-64\Lib\site-packages\eel\__init__.py", line 565, in _process_message
    _call_return_values[call_id] = message['value']
                                   ~~~~~~~^^^^^^^^^
KeyError: 'value'
2026-07-07T08:15:21Z <Greenlet at 0x1fecd3cf880: _process_message({'return': 54.94244136778125, 'status': 'error', ', <geventwebsocket.websocket.WebSocket object at 0x0)> failed with KeyError

Traceback (most recent call last):
  File "src/gevent/greenlet.py", line 912, in gevent._gevent_cgreenlet.Greenlet.run
  File "C:\Users\stefan.bambuleac\AppData\Local\Python\pythoncore-3.11-64\Lib\site-packages\eel\__init__.py", line 565, in _process_message
    _call_return_values[call_id] = message['value']
                                   ~~~~~~~^^^^^^^^^
KeyError: 'value'
2026-07-07T08:15:21Z <Greenlet at 0x1fecd3cf560: _process_message({'return': 56.04665034122986, 'status': 'error', ', <geventwebsocket.websocket.WebSocket object at 0x0)> failed with KeyError

Traceback (most recent call last):
  File "src/gevent/greenlet.py", line 912, in gevent._gevent_cgreenlet.Greenlet.run
  File "C:\Users\stefan.bambuleac\AppData\Local\Python\pythoncore-3.11-64\Lib\site-packages\eel\__init__.py", line 565, in _process_message
    _call_return_values[call_id] = message['value']
                                   ~~~~~~~^^^^^^^^^
KeyError: 'value'
2026-07-07T08:15:21Z <Greenlet at 0x1fecd3cf2e0: _process_message({'return': 57.28267316395597, 'status': 'error', ', <geventwebsocket.websocket.WebSocket object at 0x0)> failed with KeyError

Traceback (most recent call last):
  File "src/gevent/greenlet.py", line 912, in gevent._gevent_cgreenlet.Greenlet.run
  File "C:\Users\stefan.bambuleac\AppData\Local\Python\pythoncore-3.11-64\Lib\site-packages\eel\__init__.py", line 565, in _process_message
    _call_return_values[call_id] = message['value']
                                   ~~~~~~~^^^^^^^^^
KeyError: 'value'
2026-07-07T08:15:21Z <Greenlet at 0x1fecd2b89a0: _process_message({'return': 58.4210413901848, 'status': 'error', 'e, <geventwebsocket.websocket.WebSocket object at 0x0)> failed with KeyError

Traceback (most recent call last):
  File "src/gevent/greenlet.py", line 912, in gevent._gevent_cgreenlet.Greenlet.run
  File "C:\Users\stefan.bambuleac\AppData\Local\Python\pythoncore-3.11-64\Lib\site-packages\eel\__init__.py", line 565, in _process_message
    _call_return_values[call_id] = message['value']
                                   ~~~~~~~^^^^^^^^^
KeyError: 'value'
2026-07-07T08:15:21Z <Greenlet at 0x1fecd2b8ae0: _process_message({'return': 59.733564550267616, 'status': 'error', , <geventwebsocket.websocket.WebSocket object at 0x0)> failed with KeyError

Traceback (most recent call last):
  File "src/gevent/greenlet.py", line 912, in gevent._gevent_cgreenlet.Greenlet.run
  File "C:\Users\stefan.bambuleac\AppData\Local\Python\pythoncore-3.11-64\Lib\site-packages\eel\__init__.py", line 565, in _process_message
    _call_return_values[call_id] = message['value']
                                   ~~~~~~~^^^^^^^^^
KeyError: 'value'
2026-07-07T08:15:21Z <Greenlet at 0x1fecd3cf2e0: _process_message({'return': 62.41592662831984, 'status': 'error', ', <geventwebsocket.websocket.WebSocket object at 0x0)> failed with KeyError

Traceback (most recent call last):
  File "src/gevent/greenlet.py", line 912, in gevent._gevent_cgreenlet.Greenlet.run
  File "C:\Users\stefan.bambuleac\AppData\Local\Python\pythoncore-3.11-64\Lib\site-packages\eel\__init__.py", line 565, in _process_message
    _call_return_values[call_id] = message['value']
                                   ~~~~~~~^^^^^^^^^
KeyError: 'value'
2026-07-07T08:15:21Z <Greenlet at 0x1fecd2b8ae0: _process_message({'return': 64.44080775217449, 'status': 'error', ', <geventwebsocket.websocket.WebSocket object at 0x0)> failed with KeyError

Traceback (most recent call last):
  File "src/gevent/greenlet.py", line 912, in gevent._gevent_cgreenlet.Greenlet.run
  File "C:\Users\stefan.bambuleac\AppData\Local\Python\pythoncore-3.11-64\Lib\site-packages\eel\__init__.py", line 565, in _process_message
    _call_return_values[call_id] = message['value']
                                   ~~~~~~~^^^^^^^^^
KeyError: 'value'
2026-07-07T08:15:21Z <Greenlet at 0x1fecd2b89a0: _process_message({'return': 65.41925524008668, 'status': 'error', ', <geventwebsocket.websocket.WebSocket object at 0x0)> failed with KeyError

Traceback (most recent call last):
  File "src/gevent/greenlet.py", line 912, in gevent._gevent_cgreenlet.Greenlet.run
  File "C:\Users\stefan.bambuleac\AppData\Local\Python\pythoncore-3.11-64\Lib\site-packages\eel\__init__.py", line 565, in _process_message
    _call_return_values[call_id] = message['value']
                                   ~~~~~~~^^^^^^^^^
KeyError: 'value'
2026-07-07T08:15:21Z <Greenlet at 0x1fecd3cd800: _process_message({'return': 66.2162782831452, 'status': 'error', 'e, <geventwebsocket.websocket.WebSocket object at 0x0)> failed with KeyError

Traceback (most recent call last):
  File "src/gevent/greenlet.py", line 912, in gevent._gevent_cgreenlet.Greenlet.run
  File "C:\Users\stefan.bambuleac\AppData\Local\Python\pythoncore-3.11-64\Lib\site-packages\eel\__init__.py", line 565, in _process_message
    _call_return_values[call_id] = message['value']
                                   ~~~~~~~^^^^^^^^^
KeyError: 'value'
2026-07-07T08:15:21Z <Greenlet at 0x1fecd3cf2e0: _process_message({'return': 67.7145815738735, 'status': 'error', 'e, <geventwebsocket.websocket.WebSocket object at 0x0)> failed with KeyError

Traceback (most recent call last):
  File "src/gevent/greenlet.py", line 912, in gevent._gevent_cgreenlet.Greenlet.run
  File "C:\Users\stefan.bambuleac\AppData\Local\Python\pythoncore-3.11-64\Lib\site-packages\eel\__init__.py", line 565, in _process_message
    _call_return_values[call_id] = message['value']
                                   ~~~~~~~^^^^^^^^^
KeyError: 'value'
2026-07-07T08:15:21Z <Greenlet at 0x1fecd3cede0: _process_message({'return': 68.51001326099247, 'status': 'error', ', <geventwebsocket.websocket.WebSocket object at 0x0)> failed with KeyError

Traceback (most recent call last):
  File "src/gevent/greenlet.py", line 912, in gevent._gevent_cgreenlet.Greenlet.run
  File "C:\Users\stefan.bambuleac\AppData\Local\Python\pythoncore-3.11-64\Lib\site-packages\eel\__init__.py", line 565, in _process_message
    _call_return_values[call_id] = message['value']
                                   ~~~~~~~^^^^^^^^^
KeyError: 'value'
2026-07-07T08:15:21Z <Greenlet at 0x1fecd3cf100: _process_message({'return': 69.4638634346617, 'status': 'error', 'e, <geventwebsocket.websocket.WebSocket object at 0x0)> failed with KeyError

Traceback (most recent call last):
  File "src/gevent/greenlet.py", line 912, in gevent._gevent_cgreenlet.Greenlet.run
  File "C:\Users\stefan.bambuleac\AppData\Local\Python\pythoncore-3.11-64\Lib\site-packages\eel\__init__.py", line 565, in _process_message
    _call_return_values[call_id] = message['value']
                                   ~~~~~~~^^^^^^^^^
KeyError: 'value'
2026-07-07T08:15:21Z <Greenlet at 0x1fecd3cf560: _process_message({'return': 71.7813998928479, 'status': 'error', 'e, <geventwebsocket.websocket.WebSocket object at 0x0)> failed with KeyError

Traceback (most recent call last):
  File "src/gevent/greenlet.py", line 912, in gevent._gevent_cgreenlet.Greenlet.run
  File "C:\Users\stefan.bambuleac\AppData\Local\Python\pythoncore-3.11-64\Lib\site-packages\eel\__init__.py", line 565, in _process_message
    _call_return_values[call_id] = message['value']
                                   ~~~~~~~^^^^^^^^^
KeyError: 'value'
2026-07-07T08:15:21Z <Greenlet at 0x1fecd3cf240: _process_message({'return': 72.11115834322062, 'status': 'error', ', <geventwebsocket.websocket.WebSocket object at 0x0)> failed with KeyError

Traceback (most recent call last):
  File "src/gevent/greenlet.py", line 912, in gevent._gevent_cgreenlet.Greenlet.run
  File "C:\Users\stefan.bambuleac\AppData\Local\Python\pythoncore-3.11-64\Lib\site-packages\eel\__init__.py", line 565, in _process_message
    _call_return_values[call_id] = message['value']
                                   ~~~~~~~^^^^^^^^^
KeyError: 'value'
2026-07-07T08:15:21Z <Greenlet at 0x1fecd2b8ae0: _process_message({'return': 56.04665034122986, 'status': 'error', ', <geventwebsocket.websocket.WebSocket object at 0x0)> failed with KeyError

Traceback (most recent call last):
  File "src/gevent/greenlet.py", line 912, in gevent._gevent_cgreenlet.Greenlet.run
  File "C:\Users\stefan.bambuleac\AppData\Local\Python\pythoncore-3.11-64\Lib\site-packages\eel\__init__.py", line 565, in _process_message
    _call_return_values[call_id] = message['value']
                                   ~~~~~~~^^^^^^^^^
KeyError: 'value'
2026-07-07T08:15:21Z <Greenlet at 0x1fecd2b89a0: _process_message({'return': 57.28267316395597, 'status': 'error', ', <geventwebsocket.websocket.WebSocket object at 0x0)> failed with KeyError

Traceback (most recent call last):
  File "src/gevent/greenlet.py", line 912, in gevent._gevent_cgreenlet.Greenlet.run
  File "C:\Users\stefan.bambuleac\AppData\Local\Python\pythoncore-3.11-64\Lib\site-packages\eel\__init__.py", line 565, in _process_message
    _call_return_values[call_id] = message['value']
                                   ~~~~~~~^^^^^^^^^
KeyError: 'value'
2026-07-07T08:15:21Z <Greenlet at 0x1fecd2b8ae0: _process_message({'return': 71.7813998928479, 'status': 'error', 'e, <geventwebsocket.websocket.WebSocket object at 0x0)> failed with KeyError

Traceback (most recent call last):
  File "src/gevent/greenlet.py", line 912, in gevent._gevent_cgreenlet.Greenlet.run
  File "C:\Users\stefan.bambuleac\AppData\Local\Python\pythoncore-3.11-64\Lib\site-packages\eel\__init__.py", line 565, in _process_message
    _call_return_values[call_id] = message['value']
                                   ~~~~~~~^^^^^^^^^
KeyError: 'value'
2026-07-07T08:15:21Z <Greenlet at 0x1fecd2b89a0: _process_message({'return': 72.11115834322062, 'status': 'error', ', <geventwebsocket.websocket.WebSocket object at 0x0)> failed with KeyError

